<?xml version="1.0" encoding="UTF-8"?>
<testng-results ignored="0" total="1" passed="1" failed="0" skipped="0">
  <reporter-output>
  </reporter-output>
  <suite started-at="2023-09-15T23:37:58 IST" name="Default suite" finished-at="2023-09-15T23:38:06 IST" duration-ms="7332">
    <groups>
    </groups>
    <test started-at="2023-09-15T23:37:58 IST" name="Default test" finished-at="2023-09-15T23:38:06 IST" duration-ms="7332">
      <class name="com.Simplilearn.TestingAirlinesTravelApplication.Testcases$flightbooking">
        <test-method signature="book_flight()[pri:0, instance:com.Simplilearn.TestingAirlinesTravelApplication.Testcases$flightbooking@2b71e916]" started-at="2023-09-15T23:37:58 IST" name="book_flight" finished-at="2023-09-15T23:38:06 IST" duration-ms="7292" status="PASS">
          <reporter-output>
          </reporter-output>
        </test-method> <!-- book_flight -->
      </class> <!-- com.Simplilearn.TestingAirlinesTravelApplication.Testcases$flightbooking -->
    </test> <!-- Default test -->
  </suite> <!-- Default suite -->
</testng-results>
