<?xml version="1.0" encoding="UTF-8"?>
<!-- Generated by org.testng.reporters.JUnitXMLReporter -->
<testsuite ignored="0" hostname="LAPTOP-JARN4I3E" failures="0" tests="9" name="Test" time="28.201" errors="0" timestamp="2023-09-15T23:20:43 IST">
  <testcase classname="com.Simplilearn.TestingAirlinesTravelApplication.Validating_Singup_Page" name="validating_Name" time="0.988"/>
  <testcase classname="com.Simplilearn.TestingAirlinesTravelApplication.Validating_Singup_Page" name="validating_email" time="0.749"/>
  <testcase classname="com.Simplilearn.TestingAirlinesTravelApplication.Validating_Singup_Page" name="validating_pwd" time="0.761"/>
  <testcase classname="com.Simplilearn.TestingAirlinesTravelApplication.Testcases$createuser" name="singup" time="4.493"/>
  <testcase classname="com.Simplilearn.TestingAirlinesTravelApplication.Testcases$flightbooking" name="book_flight" time="6.416"/>
  <testcase classname="com.Simplilearn.TestingAirlinesTravelApplication.Testcases$homepage" name="flightsearch" time="3.954"/>
  <testcase classname="com.Simplilearn.TestingAirlinesTravelApplication.Testcases$loginuser" name="login" time="4.453"/>
  <testcase classname="com.Simplilearn.RestAssured.ApiTesting" name="checkflights" time="1.545"/>
  <testcase classname="com.Simplilearn.RestAssured.ApiTesting" name="confirmbooking" time="0.019"/>
</testsuite> <!-- Test -->
